2024-10-26 08:58:36,738 - INFO - Starting dataset check...
2024-10-26 08:58:36,738 - INFO - Checking training set...
2024-10-26 08:58:37,010 - INFO - Checking validation set...
2024-10-26 08:58:37,047 - INFO - Checking testing set...
2024-10-26 08:58:37,101 - INFO - 
=== Dataset Check Report ===
2024-10-26 08:58:37,101 - INFO - Total images checked: 500
2024-10-26 08:58:37,101 - INFO - Corrupt images: 0
2024-10-26 08:58:37,101 - INFO - Missing annotations: 0
2024-10-26 08:58:37,101 - INFO - Empty annotations: 0
2024-10-26 08:58:37,101 - INFO - Wrong labels: 500
2024-10-26 08:58:37,101 - INFO - Invalid bounding boxes: 0
2024-10-26 08:58:37,101 - INFO - Size mismatches: 0
2024-10-26 08:58:37,101 - INFO - 
Dataset Quality Score: 0.00%
2024-10-26 08:58:37,101 - INFO - 
Wrong Labels:
2024-10-26 08:58:37,101 - INFO - /Users/sophiawang/Desktop/Lab3/annotations/0c2c4826-e7c5-11eb-8392-b0c090bd3910.xml
2024-10-26 08:58:37,101 - INFO - /Users/sophiawang/Desktop/Lab3/annotations/00b1c8b4-e6a2-11eb-95fa-b0c090bd3910.xml
2024-10-26 08:58:37,101 - INFO - /Users/sophiawang/Desktop/Lab3/annotations/0a422d4a-e3c8-11eb-88d7-b0c090bd3910.xml
2024-10-26 08:58:37,101 - INFO - /Users/sophiawang/Desktop/Lab3/annotations/1a70c3a8-e65f-11eb-a536-b0c090bd3910.xml
2024-10-26 08:58:37,101 - INFO - /Users/sophiawang/Desktop/Lab3/annotations/0ae3734c-e5f5-11eb-b69c-b0c090bd3910.xml
2024-10-26 08:58:37,101 - INFO - /Users/sophiawang/Desktop/Lab3/annotations/0adcb4ba-e3b8-11eb-9371-b0c090bd3910.xml
2024-10-26 08:58:37,101 - INFO - /Users/sophiawang/Desktop/Lab3/annotations/0ad6ad34-e5d2-11eb-a63e-b0c090bd3910.xml
2024-10-26 08:58:37,101 - INFO - /Users/sophiawang/Desktop/Lab3/annotations/0b0fffc8-e68b-11eb-aab8-b0c090bd3910.xml
2024-10-26 08:58:37,101 - INFO - /Users/sophiawang/Desktop/Lab3/annotations/0aa55ad8-e7aa-11eb-b51d-b0c090bd3910.xml
2024-10-26 08:58:37,101 - INFO - /Users/sophiawang/Desktop/Lab3/annotations/0a327cda-daf5-11eb-b19f-3497f683a169.xml
2024-10-26 08:58:37,101 - INFO - /Users/sophiawang/Desktop/Lab3/annotations/0c0f3170-e45e-11eb-998c-b0c090bd3910.xml
2024-10-26 08:58:37,101 - INFO - /Users/sophiawang/Desktop/Lab3/annotations/0a42d638-daf3-11eb-9ccc-3497f683a169.xml
2024-10-26 08:58:37,101 - INFO - /Users/sophiawang/Desktop/Lab3/annotations/0a0c4ec8-da27-11eb-a01e-3497f683a169.xml
2024-10-26 08:58:37,101 - INFO - /Users/sophiawang/Desktop/Lab3/annotations/0e8e651c-db75-11eb-a124-3497f683a169.xml
2024-10-26 08:58:37,101 - INFO - /Users/sophiawang/Desktop/Lab3/annotations/0a781c3a-e686-11eb-b8fe-b0c090bd3910.xml
2024-10-26 08:58:37,101 - INFO - /Users/sophiawang/Desktop/Lab3/annotations/0a748fb6-e486-11eb-b78d-b0c090bd3910.xml
2024-10-26 08:58:37,101 - INFO - /Users/sophiawang/Desktop/Lab3/annotations/0b0d5c9e-e78d-11eb-8a11-b0c090bd3910.xml
2024-10-26 08:58:37,101 - INFO - /Users/sophiawang/Desktop/Lab3/annotations/0a371f42-e79c-11eb-ad1b-b0c090bd3910.xml
2024-10-26 08:58:37,101 - INFO - /Users/sophiawang/Desktop/Lab3/annotations/00b1e37e-e673-11eb-90d5-b0c090bd3910.xml
2024-10-26 08:58:37,101 - INFO - /Users/sophiawang/Desktop/Lab3/annotations/0b1d5286-e5bf-11eb-8b8b-b0c090bd3910.xml
2024-10-26 08:58:37,101 - INFO - /Users/sophiawang/Desktop/Lab3/annotations/0a0ea726-e66f-11eb-9abe-b0c090bd3910.xml
2024-10-26 08:58:37,101 - INFO - /Users/sophiawang/Desktop/Lab3/annotations/0e1f0514-e79b-11eb-a05c-b0c090bd3910.xml
2024-10-26 08:58:37,101 - INFO - /Users/sophiawang/Desktop/Lab3/annotations/0af7d4f6-e5de-11eb-90d1-b0c090bd3910.xml
2024-10-26 08:58:37,101 - INFO - /Users/sophiawang/Desktop/Lab3/annotations/0b9fb8d2-da0f-11eb-b81a-3497f683a169.xml
2024-10-26 08:58:37,101 - INFO - /Users/sophiawang/Desktop/Lab3/annotations/0a332ee4-e300-11eb-9dd4-b0c090bd3910.xml
2024-10-26 08:58:37,101 - INFO - /Users/sophiawang/Desktop/Lab3/annotations/0a2d13c0-db11-11eb-802a-3497f683a169.xml
2024-10-26 08:58:37,101 - INFO - /Users/sophiawang/Desktop/Lab3/annotations/0b37203e-e4d1-11eb-a79b-b0c090bd3910.xml
2024-10-26 08:58:37,101 - INFO - /Users/sophiawang/Desktop/Lab3/annotations/0c3d3398-e7cd-11eb-8356-b0c090bd3910.xml
2024-10-26 08:58:37,101 - INFO - /Users/sophiawang/Desktop/Lab3/annotations/1b26a8ec-e7af-11eb-bd90-b0c090bd3910.xml
2024-10-26 08:58:37,101 - INFO - /Users/sophiawang/Desktop/Lab3/annotations/000a2e34-d9d5-11eb-b337-3497f683a169.xml
2024-10-26 08:58:37,101 - INFO - /Users/sophiawang/Desktop/Lab3/annotations/000b0a80-e4c0-11eb-9a96-b0c090bd3910.xml
2024-10-26 08:58:37,101 - INFO - /Users/sophiawang/Desktop/Lab3/annotations/0f492c40-e453-11eb-b7b5-b0c090bd3910.xml
2024-10-26 08:58:37,101 - INFO - /Users/sophiawang/Desktop/Lab3/annotations/0bbe459a-e7cb-11eb-a28c-b0c090bd3910.xml
2024-10-26 08:58:37,101 - INFO - /Users/sophiawang/Desktop/Lab3/annotations/0c097af6-e601-11eb-aa7b-b0c090bd3910.xml
2024-10-26 08:58:37,101 - INFO - /Users/sophiawang/Desktop/Lab3/annotations/0b9d875c-e3ac-11eb-be3d-b0c090bd3910.xml
2024-10-26 08:58:37,101 - INFO - /Users/sophiawang/Desktop/Lab3/annotations/0eae595a-e670-11eb-acf9-b0c090bd3910.xml
2024-10-26 08:58:37,101 - INFO - /Users/sophiawang/Desktop/Lab3/annotations/1b0adb0a-e65d-11eb-aff1-b0c090bd3910.xml
2024-10-26 08:58:37,101 - INFO - /Users/sophiawang/Desktop/Lab3/annotations/0eea133a-e7a8-11eb-a4b5-b0c090bd3910.xml
2024-10-26 08:58:37,101 - INFO - /Users/sophiawang/Desktop/Lab3/annotations/0bcf140c-e5cc-11eb-8d0a-b0c090bd3910.xml
2024-10-26 08:58:37,101 - INFO - /Users/sophiawang/Desktop/Lab3/annotations/0a02a3dc-e7b6-11eb-8ea7-b0c090bd3910.xml
2024-10-26 08:58:37,101 - INFO - /Users/sophiawang/Desktop/Lab3/annotations/0a1c5dfe-d9da-11eb-9ed7-3497f683a169.xml
2024-10-26 08:58:37,101 - INFO - /Users/sophiawang/Desktop/Lab3/annotations/0a244700-e5f4-11eb-a332-b0c090bd3910.xml
2024-10-26 08:58:37,101 - INFO - /Users/sophiawang/Desktop/Lab3/annotations/0b532146-e7a2-11eb-9eb1-b0c090bd3910.xml
2024-10-26 08:58:37,101 - INFO - /Users/sophiawang/Desktop/Lab3/annotations/0afc8428-e7b4-11eb-a6c6-b0c090bd3910.xml
2024-10-26 08:58:37,101 - INFO - /Users/sophiawang/Desktop/Lab3/annotations/0dd4f1b8-e672-11eb-b2fc-b0c090bd3910.xml
2024-10-26 08:58:37,101 - INFO - /Users/sophiawang/Desktop/Lab3/annotations/0a684682-e46e-11eb-abd2-b0c090bd3910.xml
2024-10-26 08:58:37,101 - INFO - /Users/sophiawang/Desktop/Lab3/annotations/0fffcc9e-e699-11eb-8c4f-b0c090bd3910.xml
2024-10-26 08:58:37,101 - INFO - /Users/sophiawang/Desktop/Lab3/annotations/00a0acf0-e4c9-11eb-b83c-b0c090bd3910.xml
2024-10-26 08:58:37,101 - INFO - /Users/sophiawang/Desktop/Lab3/annotations/0aea30e2-e3d6-11eb-bb1b-b0c090bd3910.xml
2024-10-26 08:58:37,101 - INFO - /Users/sophiawang/Desktop/Lab3/annotations/0ff9ad9c-db00-11eb-b2e8-3497f683a169.xml
2024-10-26 08:58:37,101 - INFO - /Users/sophiawang/Desktop/Lab3/annotations/0dfba01e-e678-11eb-ba83-b0c090bd3910.xml
2024-10-26 08:58:37,101 - INFO - /Users/sophiawang/Desktop/Lab3/annotations/1a696424-e5c1-11eb-b9ab-b0c090bd3910.xml
2024-10-26 08:58:37,101 - INFO - /Users/sophiawang/Desktop/Lab3/annotations/0a9841d4-daef-11eb-91f0-3497f683a169.xml
2024-10-26 08:58:37,101 - INFO - /Users/sophiawang/Desktop/Lab3/annotations/0a1ed522-e46f-11eb-8121-b0c090bd3910.xml
2024-10-26 08:58:37,101 - INFO - /Users/sophiawang/Desktop/Lab3/annotations/0b2473f4-e5d3-11eb-8524-b0c090bd3910.xml
2024-10-26 08:58:37,101 - INFO - /Users/sophiawang/Desktop/Lab3/annotations/0b1d3d18-dac5-11eb-b978-3497f683a169.xml
2024-10-26 08:58:37,101 - INFO - /Users/sophiawang/Desktop/Lab3/annotations/0a503bdc-e5fc-11eb-9f51-b0c090bd3910.xml
2024-10-26 08:58:37,101 - INFO - /Users/sophiawang/Desktop/Lab3/annotations/0ac062d2-e7a8-11eb-a985-b0c090bd3910.xml
2024-10-26 08:58:37,101 - INFO - /Users/sophiawang/Desktop/Lab3/annotations/0e883480-e797-11eb-9623-b0c090bd3910.xml
2024-10-26 08:58:37,101 - INFO - /Users/sophiawang/Desktop/Lab3/annotations/0abc66b4-e7d4-11eb-95d6-b0c090bd3910.xml
2024-10-26 08:58:37,101 - INFO - /Users/sophiawang/Desktop/Lab3/annotations/0a596f2c-e672-11eb-81b3-b0c090bd3910.xml
2024-10-26 08:58:37,101 - INFO - /Users/sophiawang/Desktop/Lab3/annotations/0acd7c8a-e464-11eb-a0e7-b0c090bd3910.xml
2024-10-26 08:58:37,101 - INFO - /Users/sophiawang/Desktop/Lab3/annotations/0ad605b6-e3b5-11eb-8b0b-b0c090bd3910.xml
2024-10-26 08:58:37,102 - INFO - /Users/sophiawang/Desktop/Lab3/annotations/0eac8c7a-e7b8-11eb-b269-b0c090bd3910.xml
2024-10-26 08:58:37,102 - INFO - /Users/sophiawang/Desktop/Lab3/annotations/0b92a630-e5ec-11eb-a630-b0c090bd3910.xml
2024-10-26 08:58:37,102 - INFO - /Users/sophiawang/Desktop/Lab3/annotations/0ad9f424-e46b-11eb-9161-b0c090bd3910.xml
2024-10-26 08:58:37,102 - INFO - /Users/sophiawang/Desktop/Lab3/annotations/01b47eb8-e5db-11eb-889b-b0c090bd3910.xml
2024-10-26 08:58:37,102 - INFO - /Users/sophiawang/Desktop/Lab3/annotations/0cbd63f0-e5c0-11eb-b7a9-b0c090bd3910.xml
2024-10-26 08:58:37,102 - INFO - /Users/sophiawang/Desktop/Lab3/annotations/0f4c4628-e65c-11eb-bdf1-b0c090bd3910.xml
2024-10-26 08:58:37,102 - INFO - /Users/sophiawang/Desktop/Lab3/annotations/0afb7962-da35-11eb-95d8-3497f683a169.xml
2024-10-26 08:58:37,102 - INFO - /Users/sophiawang/Desktop/Lab3/annotations/0a71fbc2-e67b-11eb-b40a-b0c090bd3910.xml
2024-10-26 08:58:37,102 - INFO - /Users/sophiawang/Desktop/Lab3/annotations/0df0b80a-e6a1-11eb-b798-b0c090bd3910.xml
2024-10-26 08:58:37,102 - INFO - /Users/sophiawang/Desktop/Lab3/annotations/0f2fdc9c-e66b-11eb-8378-b0c090bd3910.xml
2024-10-26 08:58:37,102 - INFO - /Users/sophiawang/Desktop/Lab3/annotations/0a1ee826-db4b-11eb-8974-3497f683a169.xml
2024-10-26 08:58:37,102 - INFO - /Users/sophiawang/Desktop/Lab3/annotations/0e546ff4-e5c1-11eb-b4df-b0c090bd3910.xml
2024-10-26 08:58:37,102 - INFO - /Users/sophiawang/Desktop/Lab3/annotations/0bd2f4f4-e7b2-11eb-be49-b0c090bd3910.xml
2024-10-26 08:58:37,102 - INFO - /Users/sophiawang/Desktop/Lab3/annotations/0ad492fa-d972-11eb-8673-b0c090bd3910.xml
2024-10-26 08:58:37,102 - INFO - /Users/sophiawang/Desktop/Lab3/annotations/0a2afbd8-e309-11eb-92e4-b0c090bd3910.xml
2024-10-26 08:58:37,102 - INFO - /Users/sophiawang/Desktop/Lab3/annotations/0b31b0d4-e5f4-11eb-83f0-b0c090bd3910.xml
2024-10-26 08:58:37,102 - INFO - /Users/sophiawang/Desktop/Lab3/annotations/0b0fc412-e682-11eb-a297-b0c090bd3910.xml
2024-10-26 08:58:37,102 - INFO - /Users/sophiawang/Desktop/Lab3/annotations/0b66f840-e79e-11eb-89c5-b0c090bd3910.xml
2024-10-26 08:58:37,102 - INFO - /Users/sophiawang/Desktop/Lab3/annotations/0af83676-e5cc-11eb-8784-b0c090bd3910.xml
2024-10-26 08:58:37,102 - INFO - /Users/sophiawang/Desktop/Lab3/annotations/0bfc13c8-db07-11eb-9580-3497f683a169.xml
2024-10-26 08:58:37,102 - INFO - /Users/sophiawang/Desktop/Lab3/annotations/0a48bc22-e5dc-11eb-949d-b0c090bd3910.xml
2024-10-26 08:58:37,102 - INFO - /Users/sophiawang/Desktop/Lab3/annotations/0e841b66-e699-11eb-97ab-b0c090bd3910.xml
2024-10-26 08:58:37,102 - INFO - /Users/sophiawang/Desktop/Lab3/annotations/0ab35636-d9d9-11eb-9b34-3497f683a169.xml
2024-10-26 08:58:37,102 - INFO - /Users/sophiawang/Desktop/Lab3/annotations/0a1a3898-e793-11eb-abfe-b0c090bd3910.xml
2024-10-26 08:58:37,102 - INFO - /Users/sophiawang/Desktop/Lab3/annotations/0acc24ca-e7bc-11eb-b082-b0c090bd3910.xml
2024-10-26 08:58:37,102 - INFO - /Users/sophiawang/Desktop/Lab3/annotations/1af1e610-e668-11eb-abfc-b0c090bd3910.xml
2024-10-26 08:58:37,102 - INFO - /Users/sophiawang/Desktop/Lab3/annotations/0abe1e54-e691-11eb-8391-b0c090bd3910.xml
2024-10-26 08:58:37,102 - INFO - /Users/sophiawang/Desktop/Lab3/annotations/1a749e92-e5d0-11eb-8093-b0c090bd3910.xml
2024-10-26 08:58:37,102 - INFO - /Users/sophiawang/Desktop/Lab3/annotations/0a1ae29c-e3ab-11eb-877f-b0c090bd3910.xml
2024-10-26 08:58:37,102 - INFO - /Users/sophiawang/Desktop/Lab3/annotations/0e33bff0-e5e4-11eb-9520-b0c090bd3910.xml
2024-10-26 08:58:37,102 - INFO - /Users/sophiawang/Desktop/Lab3/annotations/0b72c076-e791-11eb-9585-b0c090bd3910.xml
2024-10-26 08:58:37,102 - INFO - /Users/sophiawang/Desktop/Lab3/annotations/000e6112-e793-11eb-a718-b0c090bd3910.xml
2024-10-26 08:58:37,102 - INFO - /Users/sophiawang/Desktop/Lab3/annotations/0a86dce2-e471-11eb-bbb0-b0c090bd3910.xml
2024-10-26 08:58:37,102 - INFO - /Users/sophiawang/Desktop/Lab3/annotations/0ae5d9c8-e794-11eb-863b-b0c090bd3910.xml
2024-10-26 08:58:37,102 - INFO - /Users/sophiawang/Desktop/Lab3/annotations/0a223e24-e678-11eb-a5f7-b0c090bd3910.xml
2024-10-26 08:58:37,102 - INFO - /Users/sophiawang/Desktop/Lab3/annotations/0aaa3278-e7c9-11eb-875a-b0c090bd3910.xml
2024-10-26 08:58:37,102 - INFO - /Users/sophiawang/Desktop/Lab3/annotations/0b6fa5f8-e5d0-11eb-974e-b0c090bd3910.xml
2024-10-26 08:58:37,102 - INFO - /Users/sophiawang/Desktop/Lab3/annotations/0aae02e4-e65f-11eb-a4e2-b0c090bd3910.xml
2024-10-26 08:58:37,102 - INFO - /Users/sophiawang/Desktop/Lab3/annotations/0a2df780-d9e1-11eb-9cdc-3497f683a169.xml
2024-10-26 08:58:37,102 - INFO - /Users/sophiawang/Desktop/Lab3/annotations/0b82564c-e5c5-11eb-b2c0-b0c090bd3910.xml
2024-10-26 08:58:37,102 - INFO - /Users/sophiawang/Desktop/Lab3/annotations/0daf27cc-e3a7-11eb-bc36-b0c090bd3910.xml
2024-10-26 08:58:37,102 - INFO - /Users/sophiawang/Desktop/Lab3/annotations/0ae82c74-e5c3-11eb-b965-b0c090bd3910.xml
2024-10-26 08:58:37,102 - INFO - /Users/sophiawang/Desktop/Lab3/annotations/0d38392e-e79e-11eb-92f9-b0c090bd3910.xml
2024-10-26 08:58:37,102 - INFO - /Users/sophiawang/Desktop/Lab3/annotations/0a1b1206-e5fd-11eb-9983-b0c090bd3910.xml
2024-10-26 08:58:37,102 - INFO - /Users/sophiawang/Desktop/Lab3/annotations/0aa79214-e6a1-11eb-bcd6-b0c090bd3910.xml
2024-10-26 08:58:37,102 - INFO - /Users/sophiawang/Desktop/Lab3/annotations/0a271350-e78c-11eb-bf0b-b0c090bd3910.xml
2024-10-26 08:58:37,102 - INFO - /Users/sophiawang/Desktop/Lab3/annotations/0e110e52-e65d-11eb-983a-b0c090bd3910.xml
2024-10-26 08:58:37,102 - INFO - /Users/sophiawang/Desktop/Lab3/annotations/0b3976be-e697-11eb-a8b2-b0c090bd3910.xml
2024-10-26 08:58:37,102 - INFO - /Users/sophiawang/Desktop/Lab3/annotations/0b8acae6-e3a7-11eb-a25b-b0c090bd3910.xml
2024-10-26 08:58:37,102 - INFO - /Users/sophiawang/Desktop/Lab3/annotations/0aa471e2-d9d0-11eb-ba37-3497f683a169.xml
2024-10-26 08:58:37,102 - INFO - /Users/sophiawang/Desktop/Lab3/annotations/0e000406-e6a4-11eb-8fb1-b0c090bd3910.xml
2024-10-26 08:58:37,102 - INFO - /Users/sophiawang/Desktop/Lab3/annotations/0addb4dc-e604-11eb-af07-b0c090bd3910.xml
2024-10-26 08:58:37,102 - INFO - /Users/sophiawang/Desktop/Lab3/annotations/0b1f9e48-e679-11eb-865b-b0c090bd3910.xml
2024-10-26 08:58:37,102 - INFO - /Users/sophiawang/Desktop/Lab3/annotations/0b09622e-e66b-11eb-b072-b0c090bd3910.xml
2024-10-26 08:58:37,102 - INFO - /Users/sophiawang/Desktop/Lab3/annotations/00ad7866-e3b7-11eb-8b48-b0c090bd3910.xml
2024-10-26 08:58:37,102 - INFO - /Users/sophiawang/Desktop/Lab3/annotations/0af46434-e791-11eb-928f-b0c090bd3910.xml
2024-10-26 08:58:37,102 - INFO - /Users/sophiawang/Desktop/Lab3/annotations/0b3128ac-e5c4-11eb-a4bb-b0c090bd3910.xml
2024-10-26 08:58:37,102 - INFO - /Users/sophiawang/Desktop/Lab3/annotations/0f2972f4-e3a1-11eb-b06a-b0c090bd3910.xml
2024-10-26 08:58:37,102 - INFO - /Users/sophiawang/Desktop/Lab3/annotations/0a77ac5c-dad6-11eb-bd71-3497f683a169.xml
2024-10-26 08:58:37,102 - INFO - /Users/sophiawang/Desktop/Lab3/annotations/0a435f18-e65d-11eb-8461-b0c090bd3910.xml
2024-10-26 08:58:37,102 - INFO - /Users/sophiawang/Desktop/Lab3/annotations/0cb97f7e-e5f2-11eb-a2eb-b0c090bd3910.xml
2024-10-26 08:58:37,102 - INFO - /Users/sophiawang/Desktop/Lab3/annotations/0aa6aaca-db26-11eb-bb8e-3497f683a169.xml
2024-10-26 08:58:37,102 - INFO - /Users/sophiawang/Desktop/Lab3/annotations/0a435dae-e687-11eb-a069-b0c090bd3910.xml
2024-10-26 08:58:37,102 - INFO - /Users/sophiawang/Desktop/Lab3/annotations/0dc01468-e662-11eb-b66e-b0c090bd3910.xml
2024-10-26 08:58:37,102 - INFO - /Users/sophiawang/Desktop/Lab3/annotations/0c347168-e676-11eb-b13a-b0c090bd3910.xml
2024-10-26 08:58:37,102 - INFO - /Users/sophiawang/Desktop/Lab3/annotations/0e49333a-e5ee-11eb-8e22-b0c090bd3910.xml
2024-10-26 08:58:37,102 - INFO - /Users/sophiawang/Desktop/Lab3/annotations/1a33e1f8-daa2-11eb-8edf-3497f683a169.xml
2024-10-26 08:58:37,102 - INFO - /Users/sophiawang/Desktop/Lab3/annotations/0f1929ae-e68b-11eb-8080-b0c090bd3910.xml
2024-10-26 08:58:37,102 - INFO - /Users/sophiawang/Desktop/Lab3/annotations/0eadfcfa-e5f5-11eb-8fac-b0c090bd3910.xml
2024-10-26 08:58:37,102 - INFO - /Users/sophiawang/Desktop/Lab3/annotations/0b0d0792-e2e2-11eb-bd9e-b0c090bd3910.xml
2024-10-26 08:58:37,102 - INFO - /Users/sophiawang/Desktop/Lab3/annotations/0ad141b6-e5df-11eb-8e6e-b0c090bd3910.xml
2024-10-26 08:58:37,102 - INFO - /Users/sophiawang/Desktop/Lab3/annotations/0e113f40-e3cf-11eb-af84-b0c090bd3910.xml
2024-10-26 08:58:37,102 - INFO - /Users/sophiawang/Desktop/Lab3/annotations/0abfb048-e3a1-11eb-9018-b0c090bd3910.xml
2024-10-26 08:58:37,102 - INFO - /Users/sophiawang/Desktop/Lab3/annotations/0a815554-e5ce-11eb-9e51-b0c090bd3910.xml
2024-10-26 08:58:37,102 - INFO - /Users/sophiawang/Desktop/Lab3/annotations/0e832598-e792-11eb-9b24-b0c090bd3910.xml
2024-10-26 08:58:37,102 - INFO - /Users/sophiawang/Desktop/Lab3/annotations/0b0f6568-e689-11eb-a05e-b0c090bd3910.xml
2024-10-26 08:58:37,102 - INFO - /Users/sophiawang/Desktop/Lab3/annotations/1ad583ee-e7bf-11eb-a58e-b0c090bd3910.xml
2024-10-26 08:58:37,102 - INFO - /Users/sophiawang/Desktop/Lab3/annotations/0a2abbac-e798-11eb-8acb-b0c090bd3910.xml
2024-10-26 08:58:37,102 - INFO - /Users/sophiawang/Desktop/Lab3/annotations/0ad419e8-d9ce-11eb-af60-3497f683a169.xml
2024-10-26 08:58:37,102 - INFO - /Users/sophiawang/Desktop/Lab3/annotations/0ab88b6e-e797-11eb-87d0-b0c090bd3910.xml
2024-10-26 08:58:37,102 - INFO - /Users/sophiawang/Desktop/Lab3/annotations/0a0f0062-da76-11eb-8721-3497f683a169.xml
2024-10-26 08:58:37,102 - INFO - /Users/sophiawang/Desktop/Lab3/annotations/0ba6ab82-e4e9-11eb-b387-b0c090bd3910.xml
2024-10-26 08:58:37,102 - INFO - /Users/sophiawang/Desktop/Lab3/annotations/0af59de8-e5dd-11eb-9eec-b0c090bd3910.xml
2024-10-26 08:58:37,102 - INFO - /Users/sophiawang/Desktop/Lab3/annotations/0b6a3bba-e454-11eb-8f9c-b0c090bd3910.xml
2024-10-26 08:58:37,103 - INFO - /Users/sophiawang/Desktop/Lab3/annotations/0ebba976-e5c4-11eb-820e-b0c090bd3910.xml
2024-10-26 08:58:37,103 - INFO - /Users/sophiawang/Desktop/Lab3/annotations/00f4d5b4-e68e-11eb-a2d2-b0c090bd3910.xml
2024-10-26 08:58:37,103 - INFO - /Users/sophiawang/Desktop/Lab3/annotations/0a854b8a-e7a4-11eb-86d3-b0c090bd3910.xml
2024-10-26 08:58:37,103 - INFO - /Users/sophiawang/Desktop/Lab3/annotations/00ab1c4a-e5cb-11eb-85ff-b0c090bd3910.xml
2024-10-26 08:58:37,103 - INFO - /Users/sophiawang/Desktop/Lab3/annotations/0a87934a-e5e1-11eb-a2b1-b0c090bd3910.xml
2024-10-26 08:58:37,103 - INFO - /Users/sophiawang/Desktop/Lab3/annotations/0a67cfc2-d95b-11eb-add9-b0c090bd3910.xml
2024-10-26 08:58:37,103 - INFO - /Users/sophiawang/Desktop/Lab3/annotations/0ad69492-e7c2-11eb-ab85-b0c090bd3910.xml
2024-10-26 08:58:37,103 - INFO - /Users/sophiawang/Desktop/Lab3/annotations/0d393f2c-e694-11eb-819f-b0c090bd3910.xml
2024-10-26 08:58:37,103 - INFO - /Users/sophiawang/Desktop/Lab3/annotations/0aa40b7a-e5e9-11eb-a3e4-b0c090bd3910.xml
2024-10-26 08:58:37,103 - INFO - /Users/sophiawang/Desktop/Lab3/annotations/0a0ee012-e666-11eb-bf3b-b0c090bd3910.xml
2024-10-26 08:58:37,103 - INFO - /Users/sophiawang/Desktop/Lab3/annotations/0aea4bd4-e683-11eb-a9e5-b0c090bd3910.xml
2024-10-26 08:58:37,103 - INFO - /Users/sophiawang/Desktop/Lab3/annotations/0ad866ec-e7b3-11eb-ae84-b0c090bd3910.xml
2024-10-26 08:58:37,103 - INFO - /Users/sophiawang/Desktop/Lab3/annotations/0ff6467a-da0b-11eb-a156-3497f683a169.xml
2024-10-26 08:58:37,103 - INFO - /Users/sophiawang/Desktop/Lab3/annotations/0e429212-e307-11eb-95f2-b0c090bd3910.xml
2024-10-26 08:58:37,103 - INFO - /Users/sophiawang/Desktop/Lab3/annotations/0a928dc6-e5db-11eb-8342-b0c090bd3910.xml
2024-10-26 08:58:37,103 - INFO - /Users/sophiawang/Desktop/Lab3/annotations/0d7b80d0-e666-11eb-af82-b0c090bd3910.xml
2024-10-26 08:58:37,103 - INFO - /Users/sophiawang/Desktop/Lab3/annotations/0f65167a-e463-11eb-b413-b0c090bd3910.xml
2024-10-26 08:58:37,103 - INFO - /Users/sophiawang/Desktop/Lab3/annotations/0ae689d2-e681-11eb-a4df-b0c090bd3910.xml
2024-10-26 08:58:37,103 - INFO - /Users/sophiawang/Desktop/Lab3/annotations/0ae67766-e663-11eb-9f23-b0c090bd3910.xml
2024-10-26 08:58:37,103 - INFO - /Users/sophiawang/Desktop/Lab3/annotations/0b05bb80-e7be-11eb-b0e8-b0c090bd3910.xml
2024-10-26 08:58:37,103 - INFO - /Users/sophiawang/Desktop/Lab3/annotations/0ee1ca9c-e5ff-11eb-9bf1-b0c090bd3910.xml
2024-10-26 08:58:37,103 - INFO - /Users/sophiawang/Desktop/Lab3/annotations/0bf40552-e7d1-11eb-b976-b0c090bd3910.xml
2024-10-26 08:58:37,103 - INFO - /Users/sophiawang/Desktop/Lab3/annotations/0b1ece6c-e7a5-11eb-a81b-b0c090bd3910.xml
2024-10-26 08:58:37,103 - INFO - /Users/sophiawang/Desktop/Lab3/annotations/0f3da808-e5c7-11eb-a491-b0c090bd3910.xml
2024-10-26 08:58:37,103 - INFO - /Users/sophiawang/Desktop/Lab3/annotations/0ab68238-e5d4-11eb-b7d1-b0c090bd3910.xml
2024-10-26 08:58:37,103 - INFO - /Users/sophiawang/Desktop/Lab3/annotations/0ae037c6-e5c5-11eb-87d1-b0c090bd3910.xml
2024-10-26 08:58:37,103 - INFO - /Users/sophiawang/Desktop/Lab3/annotations/0c9dbf42-e5c1-11eb-a1ff-b0c090bd3910.xml
2024-10-26 08:58:37,103 - INFO - /Users/sophiawang/Desktop/Lab3/annotations/0a5214d8-e65e-11eb-a5e8-b0c090bd3910.xml
2024-10-26 08:58:37,103 - INFO - /Users/sophiawang/Desktop/Lab3/annotations/0dc6ed68-e5ed-11eb-a5cc-b0c090bd3910.xml
2024-10-26 08:58:37,103 - INFO - /Users/sophiawang/Desktop/Lab3/annotations/0dd47f88-e686-11eb-b80a-b0c090bd3910.xml
2024-10-26 08:58:37,103 - INFO - /Users/sophiawang/Desktop/Lab3/annotations/0c2085b4-e68d-11eb-9201-b0c090bd3910.xml
2024-10-26 08:58:37,103 - INFO - /Users/sophiawang/Desktop/Lab3/annotations/0aa451ec-e5d0-11eb-b827-b0c090bd3910.xml
2024-10-26 08:58:37,103 - INFO - /Users/sophiawang/Desktop/Lab3/annotations/0a2e6b7a-db33-11eb-8cfc-3497f683a169.xml
2024-10-26 08:58:37,103 - INFO - /Users/sophiawang/Desktop/Lab3/annotations/0e7c6068-e665-11eb-a27b-b0c090bd3910.xml
2024-10-26 08:58:37,103 - INFO - /Users/sophiawang/Desktop/Lab3/annotations/0ac2dd42-e7c3-11eb-915b-b0c090bd3910.xml
2024-10-26 08:58:37,103 - INFO - /Users/sophiawang/Desktop/Lab3/annotations/000abf76-e67a-11eb-b56d-b0c090bd3910.xml
2024-10-26 08:58:37,103 - INFO - /Users/sophiawang/Desktop/Lab3/annotations/0ba48aba-e78f-11eb-904e-b0c090bd3910.xml
2024-10-26 08:58:37,103 - INFO - /Users/sophiawang/Desktop/Lab3/annotations/0afc4be6-e6a0-11eb-807d-b0c090bd3910.xml
2024-10-26 08:58:37,103 - INFO - /Users/sophiawang/Desktop/Lab3/annotations/0b088936-e5e8-11eb-aebb-b0c090bd3910.xml
2024-10-26 08:58:37,103 - INFO - /Users/sophiawang/Desktop/Lab3/annotations/0a1ec764-e7b4-11eb-802a-b0c090bd3910.xml
2024-10-26 08:58:37,103 - INFO - /Users/sophiawang/Desktop/Lab3/annotations/0d501440-e683-11eb-bc45-b0c090bd3910.xml
2024-10-26 08:58:37,103 - INFO - /Users/sophiawang/Desktop/Lab3/annotations/0b5a8458-e662-11eb-8ec5-b0c090bd3910.xml
2024-10-26 08:58:37,103 - INFO - /Users/sophiawang/Desktop/Lab3/annotations/0ac7c468-e7ce-11eb-aa1d-b0c090bd3910.xml
2024-10-26 08:58:37,103 - INFO - /Users/sophiawang/Desktop/Lab3/annotations/0abccbc6-e661-11eb-9915-b0c090bd3910.xml
2024-10-26 08:58:37,103 - INFO - /Users/sophiawang/Desktop/Lab3/annotations/0ff431f0-e683-11eb-8ea1-b0c090bd3910.xml
2024-10-26 08:58:37,103 - INFO - /Users/sophiawang/Desktop/Lab3/annotations/0a818f28-e7ab-11eb-8ba0-b0c090bd3910.xml
2024-10-26 08:58:37,103 - INFO - /Users/sophiawang/Desktop/Lab3/annotations/00b775a4-e5c1-11eb-a2fa-b0c090bd3910.xml
2024-10-26 08:58:37,103 - INFO - /Users/sophiawang/Desktop/Lab3/annotations/0a91e1ee-e5c8-11eb-b5f6-b0c090bd3910.xml
2024-10-26 08:58:37,103 - INFO - /Users/sophiawang/Desktop/Lab3/annotations/0c23d5ca-e67b-11eb-8bb4-b0c090bd3910.xml
2024-10-26 08:58:37,103 - INFO - /Users/sophiawang/Desktop/Lab3/annotations/0e26329a-e7b4-11eb-9363-b0c090bd3910.xml
2024-10-26 08:58:37,103 - INFO - /Users/sophiawang/Desktop/Lab3/annotations/1a550bdc-e7cc-11eb-b46e-b0c090bd3910.xml
2024-10-26 08:58:37,103 - INFO - /Users/sophiawang/Desktop/Lab3/annotations/0a487352-e78f-11eb-bafd-b0c090bd3910.xml
2024-10-26 08:58:37,103 - INFO - /Users/sophiawang/Desktop/Lab3/annotations/0ceb4f06-e5ca-11eb-9398-b0c090bd3910.xml
2024-10-26 08:58:37,103 - INFO - /Users/sophiawang/Desktop/Lab3/annotations/0f7b06a8-e69f-11eb-8023-b0c090bd3910.xml
2024-10-26 08:58:37,103 - INFO - /Users/sophiawang/Desktop/Lab3/annotations/0b24bb06-e7ae-11eb-904d-b0c090bd3910.xml
2024-10-26 08:58:37,103 - INFO - /Users/sophiawang/Desktop/Lab3/annotations/0f29bd68-e5d8-11eb-9af8-b0c090bd3910.xml
2024-10-26 08:58:37,103 - INFO - /Users/sophiawang/Desktop/Lab3/annotations/0e6f7650-e689-11eb-bc58-b0c090bd3910.xml
2024-10-26 08:58:37,103 - INFO - /Users/sophiawang/Desktop/Lab3/annotations/00a71f0a-e7af-11eb-b417-b0c090bd3910.xml
2024-10-26 08:58:37,103 - INFO - /Users/sophiawang/Desktop/Lab3/annotations/0ac7a86e-e5e5-11eb-a7c4-b0c090bd3910.xml
2024-10-26 08:58:37,103 - INFO - /Users/sophiawang/Desktop/Lab3/annotations/0adb9c34-e685-11eb-92b6-b0c090bd3910.xml
2024-10-26 08:58:37,103 - INFO - /Users/sophiawang/Desktop/Lab3/annotations/1b10284a-e5c4-11eb-9927-b0c090bd3910.xml
2024-10-26 08:58:37,103 - INFO - /Users/sophiawang/Desktop/Lab3/annotations/0af5c2f6-e7b9-11eb-a4ab-b0c090bd3910.xml
2024-10-26 08:58:37,103 - INFO - /Users/sophiawang/Desktop/Lab3/annotations/0aa212b6-e78d-11eb-8328-b0c090bd3910.xml
2024-10-26 08:58:37,103 - INFO - /Users/sophiawang/Desktop/Lab3/annotations/0b84dbf8-e667-11eb-b816-b0c090bd3910.xml
2024-10-26 08:58:37,103 - INFO - /Users/sophiawang/Desktop/Lab3/annotations/0b918186-e797-11eb-8036-b0c090bd3910.xml
2024-10-26 08:58:37,103 - INFO - /Users/sophiawang/Desktop/Lab3/annotations/0a2dba1c-da91-11eb-8056-3497f683a169.xml
2024-10-26 08:58:37,103 - INFO - /Users/sophiawang/Desktop/Lab3/annotations/0ac4ee06-e7c7-11eb-bda2-b0c090bd3910.xml
2024-10-26 08:58:37,103 - INFO - /Users/sophiawang/Desktop/Lab3/annotations/0ab15346-db05-11eb-8fb1-3497f683a169.xml
2024-10-26 08:58:37,103 - INFO - /Users/sophiawang/Desktop/Lab3/annotations/0fe6cdd2-e7ae-11eb-8639-b0c090bd3910.xml
2024-10-26 08:58:37,103 - INFO - /Users/sophiawang/Desktop/Lab3/annotations/00af6922-e5f8-11eb-9aeb-b0c090bd3910.xml
2024-10-26 08:58:37,103 - INFO - /Users/sophiawang/Desktop/Lab3/annotations/00b6a7d2-e7d2-11eb-893c-b0c090bd3910.xml
2024-10-26 08:58:37,103 - INFO - /Users/sophiawang/Desktop/Lab3/annotations/0a330906-e4ba-11eb-bb03-b0c090bd3910.xml
2024-10-26 08:58:37,103 - INFO - /Users/sophiawang/Desktop/Lab3/annotations/0fc49b22-e5c0-11eb-b747-b0c090bd3910.xml
2024-10-26 08:58:37,103 - INFO - /Users/sophiawang/Desktop/Lab3/annotations/0acdfe18-e7bf-11eb-8b2a-b0c090bd3910.xml
2024-10-26 08:58:37,103 - INFO - /Users/sophiawang/Desktop/Lab3/annotations/00f501d2-e5e4-11eb-9cf0-b0c090bd3910.xml
2024-10-26 08:58:37,103 - INFO - /Users/sophiawang/Desktop/Lab3/annotations/0ad19968-d9f9-11eb-b2f8-3497f683a169.xml
2024-10-26 08:58:37,103 - INFO - /Users/sophiawang/Desktop/Lab3/annotations/0abf4764-e480-11eb-b391-b0c090bd3910.xml
2024-10-26 08:58:37,103 - INFO - /Users/sophiawang/Desktop/Lab3/annotations/0a289310-e5dd-11eb-9d8b-b0c090bd3910.xml
2024-10-26 08:58:37,103 - INFO - /Users/sophiawang/Desktop/Lab3/annotations/0a2f6134-da08-11eb-be0f-3497f683a169.xml
2024-10-26 08:58:37,103 - INFO - /Users/sophiawang/Desktop/Lab3/annotations/0aceaa52-db04-11eb-9b63-3497f683a169.xml
2024-10-26 08:58:37,103 - INFO - /Users/sophiawang/Desktop/Lab3/annotations/0b787bac-e7a4-11eb-8eb7-b0c090bd3910.xml
2024-10-26 08:58:37,103 - INFO - /Users/sophiawang/Desktop/Lab3/annotations/0a2d4376-e65f-11eb-9d42-b0c090bd3910.xml
2024-10-26 08:58:37,103 - INFO - /Users/sophiawang/Desktop/Lab3/annotations/0ae08b92-e5c0-11eb-ab58-b0c090bd3910.xml
2024-10-26 08:58:37,103 - INFO - /Users/sophiawang/Desktop/Lab3/annotations/0a360198-e5c7-11eb-a6f5-b0c090bd3910.xml
2024-10-26 08:58:37,103 - INFO - /Users/sophiawang/Desktop/Lab3/annotations/0a4687e4-e4d8-11eb-aa1b-b0c090bd3910.xml
2024-10-26 08:58:37,103 - INFO - /Users/sophiawang/Desktop/Lab3/annotations/00a544d0-e5bf-11eb-8b3b-b0c090bd3910.xml
2024-10-26 08:58:37,103 - INFO - /Users/sophiawang/Desktop/Lab3/annotations/0abd5fec-e5c6-11eb-9ac6-b0c090bd3910.xml
2024-10-26 08:58:37,104 - INFO - /Users/sophiawang/Desktop/Lab3/annotations/0a507a4a-e5d9-11eb-b3ee-b0c090bd3910.xml
2024-10-26 08:58:37,104 - INFO - /Users/sophiawang/Desktop/Lab3/annotations/0aac9dae-daba-11eb-bc0d-3497f683a169.xml
2024-10-26 08:58:37,104 - INFO - /Users/sophiawang/Desktop/Lab3/annotations/0ab8ae02-e49f-11eb-8f9d-b0c090bd3910.xml
2024-10-26 08:58:37,104 - INFO - /Users/sophiawang/Desktop/Lab3/annotations/0f89106e-e692-11eb-aa11-b0c090bd3910.xml
2024-10-26 08:58:37,104 - INFO - /Users/sophiawang/Desktop/Lab3/annotations/0b1a0f1c-e5ca-11eb-b7cd-b0c090bd3910.xml
2024-10-26 08:58:37,104 - INFO - /Users/sophiawang/Desktop/Lab3/annotations/0e06e914-e5c3-11eb-9b56-b0c090bd3910.xml
2024-10-26 08:58:37,104 - INFO - /Users/sophiawang/Desktop/Lab3/annotations/0a889a82-e67d-11eb-a35f-b0c090bd3910.xml
2024-10-26 08:58:37,104 - INFO - /Users/sophiawang/Desktop/Lab3/annotations/0a920138-e7a2-11eb-bade-b0c090bd3910.xml
2024-10-26 08:58:37,104 - INFO - /Users/sophiawang/Desktop/Lab3/annotations/00acf978-e79a-11eb-a77a-b0c090bd3910.xml
2024-10-26 08:58:37,104 - INFO - /Users/sophiawang/Desktop/Lab3/annotations/0d2400ac-e5f6-11eb-89e2-b0c090bd3910.xml
2024-10-26 08:58:37,104 - INFO - /Users/sophiawang/Desktop/Lab3/annotations/0a7464a4-e688-11eb-bbfe-b0c090bd3910.xml
2024-10-26 08:58:37,104 - INFO - /Users/sophiawang/Desktop/Lab3/annotations/0b9f3b92-e78e-11eb-b0fa-b0c090bd3910.xml
2024-10-26 08:58:37,104 - INFO - /Users/sophiawang/Desktop/Lab3/annotations/0abafd78-db3a-11eb-9f6a-3497f683a169.xml
2024-10-26 08:58:37,104 - INFO - /Users/sophiawang/Desktop/Lab3/annotations/0dfa5d0a-e5be-11eb-94c0-b0c090bd3910.xml
2024-10-26 08:58:37,104 - INFO - /Users/sophiawang/Desktop/Lab3/annotations/0b911826-e675-11eb-b95b-b0c090bd3910.xml
2024-10-26 08:58:37,104 - INFO - /Users/sophiawang/Desktop/Lab3/annotations/0b0cd254-e4c4-11eb-bcfd-b0c090bd3910.xml
2024-10-26 08:58:37,104 - INFO - /Users/sophiawang/Desktop/Lab3/annotations/0a87a89c-e5f7-11eb-8c30-b0c090bd3910.xml
2024-10-26 08:58:37,104 - INFO - /Users/sophiawang/Desktop/Lab3/annotations/0b9efc34-e671-11eb-8762-b0c090bd3910.xml
2024-10-26 08:58:37,104 - INFO - /Users/sophiawang/Desktop/Lab3/annotations/0c7b5f70-e5e0-11eb-91c6-b0c090bd3910.xml
2024-10-26 08:58:37,104 - INFO - /Users/sophiawang/Desktop/Lab3/annotations/0a1d36ec-e7a7-11eb-b6c6-b0c090bd3910.xml
2024-10-26 08:58:37,104 - INFO - /Users/sophiawang/Desktop/Lab3/annotations/0a2dfc22-e4b1-11eb-9f43-b0c090bd3910.xml
2024-10-26 08:58:37,104 - INFO - /Users/sophiawang/Desktop/Lab3/annotations/0be98f24-e65b-11eb-a249-b0c090bd3910.xml
2024-10-26 08:58:37,104 - INFO - /Users/sophiawang/Desktop/Lab3/annotations/0adcce2c-db03-11eb-b340-3497f683a169.xml
2024-10-26 08:58:37,104 - INFO - /Users/sophiawang/Desktop/Lab3/annotations/0b0dcca2-e78e-11eb-9b44-b0c090bd3910.xml
2024-10-26 08:58:37,104 - INFO - /Users/sophiawang/Desktop/Lab3/annotations/0a0f6fc6-e3dd-11eb-ac8a-b0c090bd3910.xml
2024-10-26 08:58:37,104 - INFO - /Users/sophiawang/Desktop/Lab3/annotations/0a902076-e5bd-11eb-a1a3-b0c090bd3910.xml
2024-10-26 08:58:37,104 - INFO - /Users/sophiawang/Desktop/Lab3/annotations/0ad60d8c-db3b-11eb-9fd0-3497f683a169.xml
2024-10-26 08:58:37,104 - INFO - /Users/sophiawang/Desktop/Lab3/annotations/0a1c2cd8-e680-11eb-af89-b0c090bd3910.xml
2024-10-26 08:58:37,104 - INFO - /Users/sophiawang/Desktop/Lab3/annotations/0b04b368-e665-11eb-a432-b0c090bd3910.xml
2024-10-26 08:58:37,104 - INFO - /Users/sophiawang/Desktop/Lab3/annotations/1b3b7e34-e691-11eb-ac62-b0c090bd3910.xml
2024-10-26 08:58:37,104 - INFO - /Users/sophiawang/Desktop/Lab3/annotations/0ac94ad2-e664-11eb-92cc-b0c090bd3910.xml
2024-10-26 08:58:37,104 - INFO - /Users/sophiawang/Desktop/Lab3/annotations/0e992d24-e684-11eb-906d-b0c090bd3910.xml
2024-10-26 08:58:37,104 - INFO - /Users/sophiawang/Desktop/Lab3/annotations/0e54a1f6-e7b0-11eb-af80-b0c090bd3910.xml
2024-10-26 08:58:37,104 - INFO - /Users/sophiawang/Desktop/Lab3/annotations/0a1f4910-dabd-11eb-b527-3497f683a169.xml
2024-10-26 08:58:37,104 - INFO - /Users/sophiawang/Desktop/Lab3/annotations/0ea4bcbe-e7a6-11eb-8261-b0c090bd3910.xml
2024-10-26 08:58:37,104 - INFO - /Users/sophiawang/Desktop/Lab3/annotations/0a605980-e68f-11eb-b120-b0c090bd3910.xml
2024-10-26 08:58:37,104 - INFO - /Users/sophiawang/Desktop/Lab3/annotations/00b7a814-e793-11eb-8fd5-b0c090bd3910.xml
2024-10-26 08:58:37,104 - INFO - /Users/sophiawang/Desktop/Lab3/annotations/0eaff4f6-e5c2-11eb-b1f0-b0c090bd3910.xml
2024-10-26 08:58:37,104 - INFO - /Users/sophiawang/Desktop/Lab3/annotations/1a4dff8c-e5c7-11eb-a548-b0c090bd3910.xml
2024-10-26 08:58:37,104 - INFO - /Users/sophiawang/Desktop/Lab3/annotations/0ac2e266-e68d-11eb-bd44-b0c090bd3910.xml
2024-10-26 08:58:37,104 - INFO - /Users/sophiawang/Desktop/Lab3/annotations/0ad0f910-e5c7-11eb-9666-b0c090bd3910.xml
2024-10-26 08:58:37,104 - INFO - /Users/sophiawang/Desktop/Lab3/annotations/0f64986c-e5e0-11eb-b34e-b0c090bd3910.xml
2024-10-26 08:58:37,104 - INFO - /Users/sophiawang/Desktop/Lab3/annotations/1a24ce3e-e5f5-11eb-b4ff-b0c090bd3910.xml
2024-10-26 08:58:37,104 - INFO - /Users/sophiawang/Desktop/Lab3/annotations/0a72208c-e795-11eb-bb08-b0c090bd3910.xml
2024-10-26 08:58:37,104 - INFO - /Users/sophiawang/Desktop/Lab3/annotations/0a1d8f64-e7cf-11eb-8d9e-b0c090bd3910.xml
2024-10-26 08:58:37,104 - INFO - /Users/sophiawang/Desktop/Lab3/annotations/0b33c20a-dafc-11eb-8e2d-3497f683a169.xml
2024-10-26 08:58:37,104 - INFO - /Users/sophiawang/Desktop/Lab3/annotations/0dd96e22-e7c5-11eb-ba3d-b0c090bd3910.xml
2024-10-26 08:58:37,104 - INFO - /Users/sophiawang/Desktop/Lab3/annotations/0b98b8de-e664-11eb-9747-b0c090bd3910.xml
2024-10-26 08:58:37,104 - INFO - /Users/sophiawang/Desktop/Lab3/annotations/0a2add08-da95-11eb-bd40-3497f683a169.xml
2024-10-26 08:58:37,104 - INFO - /Users/sophiawang/Desktop/Lab3/annotations/0adf7224-e5e3-11eb-a250-b0c090bd3910.xml
2024-10-26 08:58:37,104 - INFO - /Users/sophiawang/Desktop/Lab3/annotations/0aef1830-e7ac-11eb-9b81-b0c090bd3910.xml
2024-10-26 08:58:37,104 - INFO - /Users/sophiawang/Desktop/Lab3/annotations/0ab2d06e-e793-11eb-8c38-b0c090bd3910.xml
2024-10-26 08:58:37,104 - INFO - /Users/sophiawang/Desktop/Lab3/annotations/0ac8e2dc-e65d-11eb-b162-b0c090bd3910.xml
2024-10-26 08:58:37,104 - INFO - /Users/sophiawang/Desktop/Lab3/annotations/1aeb942c-e679-11eb-a30e-b0c090bd3910.xml
2024-10-26 08:58:37,104 - INFO - /Users/sophiawang/Desktop/Lab3/annotations/0a2d1898-db5f-11eb-90fd-3497f683a169.xml
2024-10-26 08:58:37,104 - INFO - /Users/sophiawang/Desktop/Lab3/annotations/0b608468-e7a3-11eb-82f5-b0c090bd3910.xml
2024-10-26 08:58:37,104 - INFO - /Users/sophiawang/Desktop/Lab3/annotations/0e6aabd2-e669-11eb-bb37-b0c090bd3910.xml
2024-10-26 08:58:37,104 - INFO - /Users/sophiawang/Desktop/Lab3/annotations/0a839142-e7cb-11eb-91d0-b0c090bd3910.xml
2024-10-26 08:58:37,104 - INFO - /Users/sophiawang/Desktop/Lab3/annotations/0facea5c-e5d7-11eb-aaf3-b0c090bd3910.xml
2024-10-26 08:58:37,104 - INFO - /Users/sophiawang/Desktop/Lab3/annotations/0aa9d2ee-e69f-11eb-aa46-b0c090bd3910.xml
2024-10-26 08:58:37,104 - INFO - /Users/sophiawang/Desktop/Lab3/annotations/0ab78a82-daf4-11eb-bf26-3497f683a169.xml
2024-10-26 08:58:37,104 - INFO - /Users/sophiawang/Desktop/Lab3/annotations/0a943cc6-e5bf-11eb-9077-b0c090bd3910.xml
2024-10-26 08:58:37,104 - INFO - /Users/sophiawang/Desktop/Lab3/annotations/0df2c054-e697-11eb-9cf6-b0c090bd3910.xml
2024-10-26 08:58:37,104 - INFO - /Users/sophiawang/Desktop/Lab3/annotations/00a41722-e5d3-11eb-a65a-b0c090bd3910.xml
2024-10-26 08:58:37,104 - INFO - /Users/sophiawang/Desktop/Lab3/annotations/0f824802-e5c2-11eb-9aee-b0c090bd3910.xml
2024-10-26 08:58:37,104 - INFO - /Users/sophiawang/Desktop/Lab3/annotations/0a776e12-d9c1-11eb-bb08-3497f683a169.xml
2024-10-26 08:58:37,104 - INFO - /Users/sophiawang/Desktop/Lab3/annotations/0fe925d4-e666-11eb-9afd-b0c090bd3910.xml
2024-10-26 08:58:37,104 - INFO - /Users/sophiawang/Desktop/Lab3/annotations/0ac8a71c-e5eb-11eb-b975-b0c090bd3910.xml
2024-10-26 08:58:37,104 - INFO - /Users/sophiawang/Desktop/Lab3/annotations/0a2ab39e-d944-11eb-882f-b0c090bd3910.xml
2024-10-26 08:58:37,104 - INFO - /Users/sophiawang/Desktop/Lab3/annotations/0ddf9c12-e690-11eb-9dd2-b0c090bd3910.xml
2024-10-26 08:58:37,104 - INFO - /Users/sophiawang/Desktop/Lab3/annotations/0a843858-e5e6-11eb-a28d-b0c090bd3910.xml
2024-10-26 08:58:37,104 - INFO - /Users/sophiawang/Desktop/Lab3/annotations/0cc293e2-e4e1-11eb-ad6e-b0c090bd3910.xml
2024-10-26 08:58:37,104 - INFO - /Users/sophiawang/Desktop/Lab3/annotations/0c97fd0a-db7d-11eb-a4da-3497f683a169.xml
2024-10-26 08:58:37,104 - INFO - /Users/sophiawang/Desktop/Lab3/annotations/0b900b1e-e670-11eb-9285-b0c090bd3910.xml
2024-10-26 08:58:37,104 - INFO - /Users/sophiawang/Desktop/Lab3/annotations/0af64276-e7c1-11eb-a8f0-b0c090bd3910.xml
2024-10-26 08:58:37,104 - INFO - /Users/sophiawang/Desktop/Lab3/annotations/0b258cd0-e6a4-11eb-8608-b0c090bd3910.xml
2024-10-26 08:58:37,104 - INFO - /Users/sophiawang/Desktop/Lab3/annotations/0ff00a12-e5f9-11eb-9ee7-b0c090bd3910.xml
2024-10-26 08:58:37,104 - INFO - /Users/sophiawang/Desktop/Lab3/annotations/001aa218-e662-11eb-a738-b0c090bd3910.xml
2024-10-26 08:58:37,104 - INFO - /Users/sophiawang/Desktop/Lab3/annotations/0b0d1970-db5e-11eb-bb25-3497f683a169.xml
2024-10-26 08:58:37,104 - INFO - /Users/sophiawang/Desktop/Lab3/annotations/0ad9e3d0-e78c-11eb-8b39-b0c090bd3910.xml
2024-10-26 08:58:37,104 - INFO - /Users/sophiawang/Desktop/Lab3/annotations/0b83fa4c-e5d6-11eb-b89a-b0c090bd3910.xml
2024-10-26 08:58:37,104 - INFO - /Users/sophiawang/Desktop/Lab3/annotations/0aeba640-e7b0-11eb-b42e-b0c090bd3910.xml
2024-10-26 08:58:37,104 - INFO - /Users/sophiawang/Desktop/Lab3/annotations/0e8e6e82-e2ee-11eb-a00d-b0c090bd3910.xml
2024-10-26 08:58:37,104 - INFO - /Users/sophiawang/Desktop/Lab3/annotations/0a67d3c8-e5f2-11eb-b0b5-b0c090bd3910.xml
2024-10-26 08:58:37,104 - INFO - /Users/sophiawang/Desktop/Lab3/annotations/1a0a1436-e67a-11eb-8e5d-b0c090bd3910.xml
2024-10-26 08:58:37,104 - INFO - /Users/sophiawang/Desktop/Lab3/annotations/0dc0aa34-e7a2-11eb-97c9-b0c090bd3910.xml
2024-10-26 08:58:37,105 - INFO - /Users/sophiawang/Desktop/Lab3/annotations/0b1cf78a-e7a0-11eb-aac5-b0c090bd3910.xml
2024-10-26 08:58:37,105 - INFO - /Users/sophiawang/Desktop/Lab3/annotations/0b916f02-e660-11eb-9d23-b0c090bd3910.xml
2024-10-26 08:58:37,105 - INFO - /Users/sophiawang/Desktop/Lab3/annotations/0adeace6-e7c8-11eb-b1b6-b0c090bd3910.xml
2024-10-26 08:58:37,105 - INFO - /Users/sophiawang/Desktop/Lab3/annotations/0a2d8a02-e679-11eb-bc06-b0c090bd3910.xml
2024-10-26 08:58:37,105 - INFO - /Users/sophiawang/Desktop/Lab3/annotations/0abfa012-e660-11eb-8710-b0c090bd3910.xml
2024-10-26 08:58:37,105 - INFO - /Users/sophiawang/Desktop/Lab3/annotations/0d8fbf74-e67b-11eb-8713-b0c090bd3910.xml
2024-10-26 08:58:37,105 - INFO - /Users/sophiawang/Desktop/Lab3/annotations/0e7f4036-e7d1-11eb-905b-b0c090bd3910.xml
2024-10-26 08:58:37,105 - INFO - /Users/sophiawang/Desktop/Lab3/annotations/00abb026-e7bf-11eb-8d04-b0c090bd3910.xml
2024-10-26 08:58:37,105 - INFO - /Users/sophiawang/Desktop/Lab3/annotations/0b76f440-e799-11eb-87c4-b0c090bd3910.xml
2024-10-26 08:58:37,105 - INFO - /Users/sophiawang/Desktop/Lab3/annotations/0ae14f2c-e465-11eb-97e7-b0c090bd3910.xml
2024-10-26 08:58:37,105 - INFO - /Users/sophiawang/Desktop/Lab3/annotations/0a1e3188-db6d-11eb-9d2a-3497f683a169.xml
2024-10-26 08:58:37,105 - INFO - /Users/sophiawang/Desktop/Lab3/annotations/0fe8f4d8-e67e-11eb-92f2-b0c090bd3910.xml
2024-10-26 08:58:37,105 - INFO - /Users/sophiawang/Desktop/Lab3/annotations/0fae1434-e67b-11eb-8962-b0c090bd3910.xml
2024-10-26 08:58:37,105 - INFO - /Users/sophiawang/Desktop/Lab3/annotations/0d6d9262-e2d6-11eb-a3b9-b0c090bd3910.xml
2024-10-26 08:58:37,105 - INFO - /Users/sophiawang/Desktop/Lab3/annotations/0a22633e-e5c6-11eb-831e-b0c090bd3910.xml
2024-10-26 08:58:37,105 - INFO - /Users/sophiawang/Desktop/Lab3/annotations/0eff8d0c-e601-11eb-b891-b0c090bd3910.xml
2024-10-26 08:58:37,105 - INFO - /Users/sophiawang/Desktop/Lab3/annotations/0a2a2d80-e65b-11eb-a688-b0c090bd3910.xml
2024-10-26 08:58:37,105 - INFO - /Users/sophiawang/Desktop/Lab3/annotations/0af6d106-da7e-11eb-a288-3497f683a169.xml
2024-10-26 08:58:37,105 - INFO - /Users/sophiawang/Desktop/Lab3/annotations/00b80268-e5f5-11eb-ab8c-b0c090bd3910.xml
2024-10-26 08:58:37,105 - INFO - /Users/sophiawang/Desktop/Lab3/annotations/0a680b50-e458-11eb-847e-b0c090bd3910.xml
2024-10-26 08:58:37,105 - INFO - /Users/sophiawang/Desktop/Lab3/annotations/0b10b8e2-e78f-11eb-bb4d-b0c090bd3910.xml
2024-10-26 08:58:37,105 - INFO - /Users/sophiawang/Desktop/Lab3/annotations/1b287ee8-e7ad-11eb-8fdb-b0c090bd3910.xml
2024-10-26 08:58:37,105 - INFO - /Users/sophiawang/Desktop/Lab3/annotations/0de84be8-e667-11eb-b94f-b0c090bd3910.xml
2024-10-26 08:58:37,105 - INFO - /Users/sophiawang/Desktop/Lab3/annotations/0ad85b70-e669-11eb-a38a-b0c090bd3910.xml
2024-10-26 08:58:37,105 - INFO - /Users/sophiawang/Desktop/Lab3/annotations/0a554f54-e5cd-11eb-974b-b0c090bd3910.xml
2024-10-26 08:58:37,105 - INFO - /Users/sophiawang/Desktop/Lab3/annotations/0bc19b2c-e668-11eb-bd05-b0c090bd3910.xml
2024-10-26 08:58:37,105 - INFO - /Users/sophiawang/Desktop/Lab3/annotations/0a1c7880-e68e-11eb-892b-b0c090bd3910.xml
2024-10-26 08:58:37,105 - INFO - /Users/sophiawang/Desktop/Lab3/annotations/0a0c073e-e49e-11eb-bb05-b0c090bd3910.xml
2024-10-26 08:58:37,105 - INFO - /Users/sophiawang/Desktop/Lab3/annotations/0ad658a8-db79-11eb-abe8-3497f683a169.xml
2024-10-26 08:58:37,105 - INFO - /Users/sophiawang/Desktop/Lab3/annotations/0cdc6d5c-e5e4-11eb-95cb-b0c090bd3910.xml
2024-10-26 08:58:37,105 - INFO - /Users/sophiawang/Desktop/Lab3/annotations/1c29858a-e5e0-11eb-b8b1-b0c090bd3910.xml
2024-10-26 08:58:37,105 - INFO - /Users/sophiawang/Desktop/Lab3/annotations/e213eb0a-e65a-11eb-88a6-b0c090bd3910.xml
2024-10-26 08:58:37,105 - INFO - /Users/sophiawang/Desktop/Lab3/annotations/0a4f71ee-e677-11eb-b020-b0c090bd3910.xml
2024-10-26 08:58:37,105 - INFO - /Users/sophiawang/Desktop/Lab3/annotations/1c4618be-e5c4-11eb-a513-b0c090bd3910.xml
2024-10-26 08:58:37,105 - INFO - /Users/sophiawang/Desktop/Lab3/annotations/1d86aa82-e7c2-11eb-b566-b0c090bd3910.xml
2024-10-26 08:58:37,105 - INFO - /Users/sophiawang/Desktop/Lab3/annotations/e6ab0f34-e679-11eb-bb94-b0c090bd3910.xml
2024-10-26 08:58:37,105 - INFO - /Users/sophiawang/Desktop/Lab3/annotations/1d8929b4-e5ee-11eb-888b-b0c090bd3910.xml
2024-10-26 08:58:37,105 - INFO - /Users/sophiawang/Desktop/Lab3/annotations/1bf5786c-e6a1-11eb-8e4e-b0c090bd3910.xml
2024-10-26 08:58:37,105 - INFO - /Users/sophiawang/Desktop/Lab3/annotations/00a50a34-e5d2-11eb-8699-b0c090bd3910.xml
2024-10-26 08:58:37,105 - INFO - /Users/sophiawang/Desktop/Lab3/annotations/1e3a869e-e79a-11eb-a57d-b0c090bd3910.xml
2024-10-26 08:58:37,105 - INFO - /Users/sophiawang/Desktop/Lab3/annotations/1bafea8a-e662-11eb-8c42-b0c090bd3910.xml
2024-10-26 08:58:37,105 - INFO - /Users/sophiawang/Desktop/Lab3/annotations/1cfecbd4-e7ba-11eb-ab07-b0c090bd3910.xml
2024-10-26 08:58:37,105 - INFO - /Users/sophiawang/Desktop/Lab3/annotations/1d443cf6-e5ed-11eb-a522-b0c090bd3910.xml
2024-10-26 08:58:37,105 - INFO - /Users/sophiawang/Desktop/Lab3/annotations/1c83f8a2-e5ea-11eb-9a2d-b0c090bd3910.xml
2024-10-26 08:58:37,105 - INFO - /Users/sophiawang/Desktop/Lab3/annotations/1d3d60d0-e7d1-11eb-9bf8-b0c090bd3910.xml
2024-10-26 08:58:37,105 - INFO - /Users/sophiawang/Desktop/Lab3/annotations/1cf23cfe-e5f6-11eb-ab5f-b0c090bd3910.xml
2024-10-26 08:58:37,105 - INFO - /Users/sophiawang/Desktop/Lab3/annotations/1d123d4c-e665-11eb-85f7-b0c090bd3910.xml
2024-10-26 08:58:37,105 - INFO - /Users/sophiawang/Desktop/Lab3/annotations/0a37ffba-e67a-11eb-a862-b0c090bd3910.xml
2024-10-26 08:58:37,105 - INFO - /Users/sophiawang/Desktop/Lab3/annotations/0a5a8e58-e674-11eb-80f5-b0c090bd3910.xml
2024-10-26 08:58:37,105 - INFO - /Users/sophiawang/Desktop/Lab3/annotations/e302de5a-e6a4-11eb-bbd1-b0c090bd3910.xml
2024-10-26 08:58:37,105 - INFO - /Users/sophiawang/Desktop/Lab3/annotations/1cb641e6-e5c3-11eb-a923-b0c090bd3910.xml
2024-10-26 08:58:37,105 - INFO - /Users/sophiawang/Desktop/Lab3/annotations/1c703c22-e7b7-11eb-9432-b0c090bd3910.xml
2024-10-26 08:58:37,105 - INFO - /Users/sophiawang/Desktop/Lab3/annotations/e9c55cc2-e5e8-11eb-a1e4-b0c090bd3910.xml
2024-10-26 08:58:37,105 - INFO - /Users/sophiawang/Desktop/Lab3/annotations/1d07af92-e78e-11eb-9908-b0c090bd3910.xml
2024-10-26 08:58:37,105 - INFO - /Users/sophiawang/Desktop/Lab3/annotations/e8de6d1e-e2de-11eb-8feb-b0c090bd3910.xml
2024-10-26 08:58:37,105 - INFO - /Users/sophiawang/Desktop/Lab3/annotations/e7f065ae-e5f9-11eb-ab04-b0c090bd3910.xml
2024-10-26 08:58:37,105 - INFO - /Users/sophiawang/Desktop/Lab3/annotations/e98c0594-e3c3-11eb-83bc-b0c090bd3910.xml
2024-10-26 08:58:37,105 - INFO - /Users/sophiawang/Desktop/Lab3/annotations/1ddd6590-e5c7-11eb-8359-b0c090bd3910.xml
2024-10-26 08:58:37,105 - INFO - /Users/sophiawang/Desktop/Lab3/annotations/1d92a724-e78c-11eb-8380-b0c090bd3910.xml
2024-10-26 08:58:37,105 - INFO - /Users/sophiawang/Desktop/Lab3/annotations/1cdf6e9c-e666-11eb-b342-b0c090bd3910.xml
2024-10-26 08:58:37,105 - INFO - /Users/sophiawang/Desktop/Lab3/annotations/0a4dd8ae-e5da-11eb-9895-b0c090bd3910.xml
2024-10-26 08:58:37,105 - INFO - /Users/sophiawang/Desktop/Lab3/annotations/1ec5b708-e4cd-11eb-9c35-b0c090bd3910.xml
2024-10-26 08:58:37,105 - INFO - /Users/sophiawang/Desktop/Lab3/annotations/1db8a9ba-e78f-11eb-bf5a-b0c090bd3910.xml
2024-10-26 08:58:37,105 - INFO - /Users/sophiawang/Desktop/Lab3/annotations/01d4ffae-e5dd-11eb-b1ec-b0c090bd3910.xml
2024-10-26 08:58:37,105 - INFO - /Users/sophiawang/Desktop/Lab3/annotations/1d172d1a-e6a3-11eb-a1a1-b0c090bd3910.xml
2024-10-26 08:58:37,105 - INFO - /Users/sophiawang/Desktop/Lab3/annotations/1c71e38c-e48e-11eb-bbdb-b0c090bd3910.xml
2024-10-26 08:58:37,105 - INFO - /Users/sophiawang/Desktop/Lab3/annotations/0a3b1980-db39-11eb-bc6f-3497f683a169.xml
2024-10-26 08:58:37,105 - INFO - /Users/sophiawang/Desktop/Lab3/annotations/0a4dd0ec-e79a-11eb-a95f-b0c090bd3910.xml
2024-10-26 08:58:37,105 - INFO - /Users/sophiawang/Desktop/Lab3/annotations/1cad513e-e68f-11eb-b119-b0c090bd3910.xml
2024-10-26 08:58:37,105 - INFO - /Users/sophiawang/Desktop/Lab3/annotations/1cb5490c-e5c5-11eb-a20c-b0c090bd3910.xml
2024-10-26 08:58:37,105 - INFO - /Users/sophiawang/Desktop/Lab3/annotations/1e522e7e-e5c6-11eb-aeaa-b0c090bd3910.xml
2024-10-26 08:58:37,105 - INFO - /Users/sophiawang/Desktop/Lab3/annotations/e35b2882-e662-11eb-9721-b0c090bd3910.xml
2024-10-26 08:58:37,105 - INFO - /Users/sophiawang/Desktop/Lab3/annotations/1eb4103a-e694-11eb-965e-b0c090bd3910.xml
2024-10-26 08:58:37,105 - INFO - /Users/sophiawang/Desktop/Lab3/annotations/1cecd836-e6a2-11eb-8a77-b0c090bd3910.xml
2024-10-26 08:58:37,105 - INFO - /Users/sophiawang/Desktop/Lab3/annotations/01c75dec-e5ed-11eb-afed-b0c090bd3910.xml
2024-10-26 08:58:37,105 - INFO - /Users/sophiawang/Desktop/Lab3/annotations/e303dad4-e7bd-11eb-b2f1-b0c090bd3910.xml
2024-10-26 08:58:37,105 - INFO - /Users/sophiawang/Desktop/Lab3/annotations/1d159266-e679-11eb-9842-b0c090bd3910.xml
2024-10-26 08:58:37,105 - INFO - /Users/sophiawang/Desktop/Lab3/annotations/1f1e8b0a-e5f9-11eb-9a88-b0c090bd3910.xml
2024-10-26 08:58:37,105 - INFO - /Users/sophiawang/Desktop/Lab3/annotations/e56bd500-e79a-11eb-b9a9-b0c090bd3910.xml
2024-10-26 08:58:37,105 - INFO - /Users/sophiawang/Desktop/Lab3/annotations/1d5f33ba-e791-11eb-a677-b0c090bd3910.xml
2024-10-26 08:58:37,105 - INFO - /Users/sophiawang/Desktop/Lab3/annotations/1d9a608c-e661-11eb-8723-b0c090bd3910.xml
2024-10-26 08:58:37,105 - INFO - /Users/sophiawang/Desktop/Lab3/annotations/1d113f42-e7ad-11eb-8ed7-b0c090bd3910.xml
2024-10-26 08:58:37,105 - INFO - /Users/sophiawang/Desktop/Lab3/annotations/1e616982-e7ac-11eb-bb23-b0c090bd3910.xml
2024-10-26 08:58:37,105 - INFO - /Users/sophiawang/Desktop/Lab3/annotations/0a2fe01e-e7bd-11eb-a357-b0c090bd3910.xml
2024-10-26 08:58:37,105 - INFO - /Users/sophiawang/Desktop/Lab3/annotations/1cce661a-e5fb-11eb-8760-b0c090bd3910.xml
2024-10-26 08:58:37,105 - INFO - /Users/sophiawang/Desktop/Lab3/annotations/0a3b49c6-e5d3-11eb-8243-b0c090bd3910.xml
2024-10-26 08:58:37,105 - INFO - /Users/sophiawang/Desktop/Lab3/annotations/e25b81ec-e6a1-11eb-adc6-b0c090bd3910.xml
2024-10-26 08:58:37,105 - INFO - /Users/sophiawang/Desktop/Lab3/annotations/1cbb5e46-db62-11eb-8c95-3497f683a169.xml
2024-10-26 08:58:37,105 - INFO - /Users/sophiawang/Desktop/Lab3/annotations/1e0c7ee8-e5d6-11eb-8fcc-b0c090bd3910.xml
2024-10-26 08:58:37,106 - INFO - /Users/sophiawang/Desktop/Lab3/annotations/0a7b9906-e5c4-11eb-acd4-b0c090bd3910.xml
2024-10-26 08:58:37,106 - INFO - /Users/sophiawang/Desktop/Lab3/annotations/1d2d7850-e681-11eb-bca0-b0c090bd3910.xml
2024-10-26 08:58:37,106 - INFO - /Users/sophiawang/Desktop/Lab3/annotations/e59ef2b4-e78e-11eb-9e5d-b0c090bd3910.xml
2024-10-26 08:58:37,106 - INFO - /Users/sophiawang/Desktop/Lab3/annotations/e064da46-e793-11eb-a353-b0c090bd3910.xml
2024-10-26 08:58:37,106 - INFO - /Users/sophiawang/Desktop/Lab3/annotations/1e5bb474-dad7-11eb-bf5b-3497f683a169.xml
2024-10-26 08:58:37,106 - INFO - /Users/sophiawang/Desktop/Lab3/annotations/e85ee1d8-e695-11eb-a616-b0c090bd3910.xml
2024-10-26 08:58:37,106 - INFO - /Users/sophiawang/Desktop/Lab3/annotations/1d497bf6-e5c1-11eb-b677-b0c090bd3910.xml
2024-10-26 08:58:37,106 - INFO - /Users/sophiawang/Desktop/Lab3/annotations/0a4f959a-e5c3-11eb-99fc-b0c090bd3910.xml
2024-10-26 08:58:37,106 - INFO - /Users/sophiawang/Desktop/Lab3/annotations/1ba231b6-e69e-11eb-b744-b0c090bd3910.xml
2024-10-26 08:58:37,106 - INFO - /Users/sophiawang/Desktop/Lab3/annotations/00a6fb5e-e602-11eb-a495-b0c090bd3910.xml
2024-10-26 08:58:37,106 - INFO - /Users/sophiawang/Desktop/Lab3/annotations/1c3d58ba-e5db-11eb-bdf8-b0c090bd3910.xml
2024-10-26 08:58:37,106 - INFO - /Users/sophiawang/Desktop/Lab3/annotations/e64b9e12-e5c8-11eb-8a8c-b0c090bd3910.xml
2024-10-26 08:58:37,106 - INFO - /Users/sophiawang/Desktop/Lab3/annotations/e44cb1fa-e68a-11eb-9c9c-b0c090bd3910.xml
2024-10-26 08:58:37,106 - INFO - /Users/sophiawang/Desktop/Lab3/annotations/0a3c095e-e5c0-11eb-b6ce-b0c090bd3910.xml
2024-10-26 08:58:37,106 - INFO - /Users/sophiawang/Desktop/Lab3/annotations/e61ffae4-e6a3-11eb-8e96-b0c090bd3910.xml
2024-10-26 08:58:37,106 - INFO - /Users/sophiawang/Desktop/Lab3/annotations/e527fb76-e684-11eb-92c8-b0c090bd3910.xml
2024-10-26 08:58:37,106 - INFO - /Users/sophiawang/Desktop/Lab3/annotations/2de5a862-e798-11eb-aeb0-b0c090bd3910.xml
2024-10-26 08:58:37,106 - INFO - /Users/sophiawang/Desktop/Lab3/annotations/fda5bbfa-e7cf-11eb-943b-b0c090bd3910.xml
2024-10-26 08:58:37,106 - INFO - /Users/sophiawang/Desktop/Lab3/annotations/1f0916e6-e664-11eb-9cad-b0c090bd3910.xml
2024-10-26 08:58:37,106 - INFO - /Users/sophiawang/Desktop/Lab3/annotations/2ee9de42-e601-11eb-a8e1-b0c090bd3910.xml
2024-10-26 08:58:37,106 - INFO - /Users/sophiawang/Desktop/Lab3/annotations/2b64e4c2-e5e6-11eb-9a2c-b0c090bd3910.xml
2024-10-26 08:58:37,106 - INFO - /Users/sophiawang/Desktop/Lab3/annotations/efbaec8a-e5c9-11eb-af90-b0c090bd3910.xml
2024-10-26 08:58:37,106 - INFO - /Users/sophiawang/Desktop/Lab3/annotations/2cfaa65c-e5f9-11eb-809a-b0c090bd3910.xml
2024-10-26 08:58:37,106 - INFO - /Users/sophiawang/Desktop/Lab3/annotations/1fc139de-e795-11eb-a0e9-b0c090bd3910.xml
2024-10-26 08:58:37,106 - INFO - /Users/sophiawang/Desktop/Lab3/annotations/002bf29e-e68f-11eb-90ca-b0c090bd3910.xml
2024-10-26 08:58:37,106 - INFO - /Users/sophiawang/Desktop/Lab3/annotations/e74998b4-e7b2-11eb-867f-b0c090bd3910.xml
2024-10-26 08:58:37,106 - INFO - /Users/sophiawang/Desktop/Lab3/annotations/2b85699e-e660-11eb-8653-b0c090bd3910.xml
2024-10-26 08:58:37,106 - INFO - /Users/sophiawang/Desktop/Lab3/annotations/e21412f8-e78d-11eb-b32f-b0c090bd3910.xml
2024-10-26 08:58:37,106 - INFO - /Users/sophiawang/Desktop/Lab3/annotations/2afca1ee-e69e-11eb-ba15-b0c090bd3910.xml
2024-10-26 08:58:37,106 - INFO - /Users/sophiawang/Desktop/Lab3/annotations/f001bb80-e7a9-11eb-b49f-b0c090bd3910.xml
2024-10-26 08:58:37,106 - INFO - /Users/sophiawang/Desktop/Lab3/annotations/2c620f0a-e79c-11eb-9510-b0c090bd3910.xml
2024-10-26 08:58:37,106 - INFO - /Users/sophiawang/Desktop/Lab3/annotations/f17090ae-e78f-11eb-8503-b0c090bd3910.xml
2024-10-26 08:58:37,106 - INFO - /Users/sophiawang/Desktop/Lab3/annotations/ea99ab10-e696-11eb-8317-b0c090bd3910.xml
2024-10-26 08:58:37,106 - INFO - /Users/sophiawang/Desktop/Lab3/annotations/ecdfb9e8-e662-11eb-82e1-b0c090bd3910.xml
2024-10-26 08:58:37,106 - INFO - /Users/sophiawang/Desktop/Lab3/annotations/2dc095d2-e7d0-11eb-a68d-b0c090bd3910.xml
2024-10-26 08:58:37,106 - INFO - /Users/sophiawang/Desktop/Lab3/annotations/f47f239c-e5de-11eb-99b3-b0c090bd3910.xml
2024-10-26 08:58:37,106 - INFO - /Users/sophiawang/Desktop/Lab3/annotations/f7f5abe2-e5d7-11eb-9172-b0c090bd3910.xml
2024-10-26 08:58:37,106 - INFO - /Users/sophiawang/Desktop/Lab3/annotations/2c0c7f5e-e688-11eb-be00-b0c090bd3910.xml
2024-10-26 08:58:37,106 - INFO - /Users/sophiawang/Desktop/Lab3/annotations/2e4e3306-e5c8-11eb-908d-b0c090bd3910.xml
2024-10-26 08:58:37,106 - INFO - /Users/sophiawang/Desktop/Lab3/annotations/2d34ea12-e5ec-11eb-896a-b0c090bd3910.xml
2024-10-26 08:58:37,106 - INFO - /Users/sophiawang/Desktop/Lab3/annotations/0a9cb2d0-e7d1-11eb-b801-b0c090bd3910.xml
2024-10-26 08:58:37,106 - INFO - /Users/sophiawang/Desktop/Lab3/annotations/2ca57dca-e7bf-11eb-aa78-b0c090bd3910.xml
2024-10-26 08:58:37,106 - INFO - /Users/sophiawang/Desktop/Lab3/annotations/2c940cac-e796-11eb-8fb9-b0c090bd3910.xml
2024-10-26 08:58:37,106 - INFO - /Users/sophiawang/Desktop/Lab3/annotations/2c25414a-e66d-11eb-bb98-b0c090bd3910.xml
2024-10-26 08:58:37,106 - INFO - /Users/sophiawang/Desktop/Lab3/annotations/eccbd110-e677-11eb-9dd5-b0c090bd3910.xml
2024-10-26 08:58:37,107 - INFO - /Users/sophiawang/Desktop/Lab3/annotations/0a11efae-e7a0-11eb-9f1d-b0c090bd3910.xml
2024-10-26 08:58:37,107 - INFO - /Users/sophiawang/Desktop/Lab3/annotations/2aaa8768-e5cd-11eb-909a-b0c090bd3910.xml
2024-10-26 08:58:37,107 - INFO - /Users/sophiawang/Desktop/Lab3/annotations/1f4e485c-e7a6-11eb-bac6-b0c090bd3910.xml
2024-10-26 08:58:37,107 - INFO - /Users/sophiawang/Desktop/Lab3/annotations/2b3774b8-e797-11eb-ad0a-b0c090bd3910.xml
2024-10-26 08:58:37,107 - INFO - /Users/sophiawang/Desktop/Lab3/annotations/2f94b064-e68f-11eb-8e6d-b0c090bd3910.xml
2024-10-26 08:58:37,107 - INFO - /Users/sophiawang/Desktop/Lab3/annotations/f82f88fa-e65f-11eb-9a07-b0c090bd3910.xml
2024-10-26 08:58:37,107 - INFO - /Users/sophiawang/Desktop/Lab3/annotations/fe5ae306-e794-11eb-b64e-b0c090bd3910.xml
2024-10-26 08:58:37,107 - INFO - /Users/sophiawang/Desktop/Lab3/annotations/02aa3662-e7ad-11eb-926d-b0c090bd3910.xml
2024-10-26 08:58:37,107 - INFO - /Users/sophiawang/Desktop/Lab3/annotations/2b6f9968-e7a3-11eb-8500-b0c090bd3910.xml
2024-10-26 08:58:37,107 - INFO - /Users/sophiawang/Desktop/Lab3/annotations/f04cc6d2-e685-11eb-84f9-b0c090bd3910.xml
2024-10-26 08:58:37,107 - INFO - /Users/sophiawang/Desktop/Lab3/annotations/1fb69da4-e66f-11eb-aadd-b0c090bd3910.xml
2024-10-26 08:58:37,107 - INFO - /Users/sophiawang/Desktop/Lab3/annotations/2d09c7dc-e5c3-11eb-afe8-b0c090bd3910.xml
2024-10-26 08:58:37,107 - INFO - /Users/sophiawang/Desktop/Lab3/annotations/2e152828-e604-11eb-a9a4-b0c090bd3910.xml
2024-10-26 08:58:37,107 - INFO - /Users/sophiawang/Desktop/Lab3/annotations/2bb22c1c-e5fe-11eb-8a25-b0c090bd3910.xml
2024-10-26 08:58:37,107 - INFO - /Users/sophiawang/Desktop/Lab3/annotations/f2be397a-e799-11eb-bcba-b0c090bd3910.xml
2024-10-26 08:58:37,107 - INFO - /Users/sophiawang/Desktop/Lab3/annotations/2b4ae9a2-e670-11eb-b337-b0c090bd3910.xml
2024-10-26 08:58:37,108 - INFO - /Users/sophiawang/Desktop/Lab3/annotations/2aa177f6-e69c-11eb-b150-b0c090bd3910.xml
2024-10-26 08:58:37,108 - INFO - /Users/sophiawang/Desktop/Lab3/annotations/2acdea78-e5d0-11eb-87c5-b0c090bd3910.xml
2024-10-26 08:58:37,108 - INFO - /Users/sophiawang/Desktop/Lab3/annotations/fd2b9500-e66d-11eb-8441-b0c090bd3910.xml
2024-10-26 08:58:37,108 - INFO - /Users/sophiawang/Desktop/Lab3/annotations/febe030a-e5c0-11eb-acd1-b0c090bd3910.xml
2024-10-26 08:58:37,108 - INFO - /Users/sophiawang/Desktop/Lab3/annotations/e588a2b6-e78b-11eb-9a9b-b0c090bd3910.xml
2024-10-26 08:58:37,108 - INFO - /Users/sophiawang/Desktop/Lab3/annotations/2da70528-e5c6-11eb-95f2-b0c090bd3910.xml
2024-10-26 08:58:37,108 - INFO - /Users/sophiawang/Desktop/Lab3/annotations/eaf9d97e-e78e-11eb-9670-b0c090bd3910.xml
2024-10-26 08:58:37,108 - INFO - /Users/sophiawang/Desktop/Lab3/annotations/f13c7d2e-e668-11eb-b063-b0c090bd3910.xml
2024-10-26 08:58:37,108 - INFO - /Users/sophiawang/Desktop/Lab3/annotations/f1d07442-e7a2-11eb-b956-b0c090bd3910.xml
2024-10-26 08:58:37,108 - INFO - /Users/sophiawang/Desktop/Lab3/annotations/f25d27c6-e7a4-11eb-94b5-b0c090bd3910.xml
2024-10-26 08:58:37,108 - INFO - /Users/sophiawang/Desktop/Lab3/annotations/ef18ee14-e7d1-11eb-9943-b0c090bd3910.xml
2024-10-26 08:58:37,108 - INFO - /Users/sophiawang/Desktop/Lab3/annotations/f9b09f6e-e671-11eb-b0eb-b0c090bd3910.xml
2024-10-26 08:58:37,108 - INFO - /Users/sophiawang/Desktop/Lab3/annotations/2f8cfd3a-e66b-11eb-8c74-b0c090bd3910.xml
2024-10-26 08:58:37,108 - INFO - /Users/sophiawang/Desktop/Lab3/annotations/f203e31c-e5ef-11eb-bb95-b0c090bd3910.xml
2024-10-26 08:58:37,108 - INFO - /Users/sophiawang/Desktop/Lab3/annotations/ef32c936-e685-11eb-915c-b0c090bd3910.xml
2024-10-26 08:58:37,108 - INFO - /Users/sophiawang/Desktop/Lab3/annotations/ee4611ee-e7b5-11eb-8c9e-b0c090bd3910.xml
2024-10-26 08:58:37,108 - INFO - /Users/sophiawang/Desktop/Lab3/annotations/fd5140c0-e78b-11eb-8b18-b0c090bd3910.xml
2024-10-26 08:58:37,108 - INFO - /Users/sophiawang/Desktop/Lab3/annotations/ffa1f390-e78f-11eb-9d35-b0c090bd3910.xml
2024-10-26 08:58:37,108 - INFO - /Users/sophiawang/Desktop/Lab3/annotations/2a30b2ee-e66b-11eb-bed4-b0c090bd3910.xml
2024-10-26 08:58:37,108 - INFO - /Users/sophiawang/Desktop/Lab3/annotations/2f59f2c6-e4d7-11eb-9c86-b0c090bd3910.xml
2024-10-26 08:58:37,108 - INFO - /Users/sophiawang/Desktop/Lab3/annotations/f9954ad2-e602-11eb-80dc-b0c090bd3910.xml
2024-10-26 08:58:37,108 - INFO - /Users/sophiawang/Desktop/Lab3/annotations/2b9f5512-e699-11eb-86cf-b0c090bd3910.xml
2024-10-26 08:58:37,108 - INFO - /Users/sophiawang/Desktop/Lab3/annotations/fc427c6c-e69f-11eb-bad6-b0c090bd3910.xml
2024-10-26 08:58:37,108 - INFO - /Users/sophiawang/Desktop/Lab3/annotations/2b8fcff0-e66a-11eb-9bf5-b0c090bd3910.xml
2024-10-26 08:58:37,108 - INFO - /Users/sophiawang/Desktop/Lab3/annotations/2b9a0938-e7c3-11eb-ae19-b0c090bd3910.xml
2024-10-26 08:58:37,108 - INFO - /Users/sophiawang/Desktop/Lab3/annotations/e8441a98-e680-11eb-be92-b0c090bd3910.xml
2024-10-26 08:58:37,108 - INFO - /Users/sophiawang/Desktop/Lab3/annotations/2eb76746-e684-11eb-b734-b0c090bd3910.xml
2024-10-26 08:58:37,108 - INFO - /Users/sophiawang/Desktop/Lab3/annotations/2d00af18-e5e7-11eb-99bc-b0c090bd3910.xml
2024-10-26 08:58:37,108 - INFO - /Users/sophiawang/Desktop/Lab3/annotations/2b6bd9b6-e5d4-11eb-b682-b0c090bd3910.xml
2024-10-26 08:58:37,108 - INFO - /Users/sophiawang/Desktop/Lab3/annotations/2c7a5862-e5e4-11eb-b9d0-b0c090bd3910.xml
